This is pdfTeX, Version 3.14159265-2.6-1.40.15 (TeX Live 2014) (preloaded format=pdflatex 2014.10.17)  4 SEP 2015 11:45
entering extended mode
 restricted \write18 enabled.
 file:line:error style messages enabled.
 %&-line parsing enabled.
**iccvm2016.tex
(./iccvm2016.tex
LaTeX2e <2014/05/01>
Babel <3.9k> and hyphenation patterns for 78 languages loaded.
(/usr/local/texlive/2014/texmf-dist/tex/latex/base/article.cls
Document Class: article 2007/10/19 v1.4h Standard LaTeX document class
(/usr/local/texlive/2014/texmf-dist/tex/latex/base/size10.clo
File: size10.clo 2007/10/19 v1.4h Standard LaTeX file (size option)
)
\c@part=\count79
\c@section=\count80
\c@subsection=\count81
\c@subsubsection=\count82
\c@paragraph=\count83
\c@subparagraph=\count84
\c@figure=\count85
\c@table=\count86
\abovecaptionskip=\skip41
\belowcaptionskip=\skip42
\bibindent=\dimen102
) (./cvm.sty
(./eso-pic.sty
Package: eso-pic 2002/11/16 v1.1b eso-pic (RN)
 (./cvm_eso.sty

LaTeX Warning: You have requested package `eso-pic',
               but the package provides `everyshi'.

Package: everyshi 2001/05/15 v3.00 EveryShipout Package (MS)
) (/usr/local/texlive/2014/texmf-dist/tex/latex/graphics/keyval.sty
Package: keyval 2014/05/08 v1.15 key=value parser (DPC)
\KV@toks@=\toks14
))
(/usr/local/texlive/2014/texmf-dist/tex/latex/tools/xspace.sty
Package: xspace 2009/10/20 v1.13 Space after command names (DPC,MH)
)
cvm 8.5 x 11-Inch Proceedings Style `cvm.sty'.
\@ctmp=\skip43
\@figindent=\skip44
\cvmrulerbox=\box26
\cvmrulercount=\count87
\cvmruleroffset=\dimen103
\cv@lineheight=\dimen104
\cv@boxheight=\dimen105
\cv@tmpbox=\box27
\cv@refno=\count88
\cv@tot=\count89
\cv@tmpc@=\count90
\cv@tmpc=\count91
) (/usr/local/texlive/2014/texmf-dist/tex/latex/psnfss/times.sty
Package: times 2005/04/12 PSNFSS-v9.2a (SPQR) 
)
(/usr/local/texlive/2014/texmf-dist/tex/latex/graphics/epsfig.sty
Package: epsfig 1999/02/16 v1.7a (e)psfig emulation (SPQR)

(/usr/local/texlive/2014/texmf-dist/tex/latex/graphics/graphicx.sty
Package: graphicx 2014/04/25 v1.0g Enhanced LaTeX Graphics (DPC,SPQR)

(/usr/local/texlive/2014/texmf-dist/tex/latex/graphics/graphics.sty
Package: graphics 2009/02/05 v1.0o Standard LaTeX Graphics (DPC,SPQR)

(/usr/local/texlive/2014/texmf-dist/tex/latex/graphics/trig.sty
Package: trig 1999/03/16 v1.09 sin cos tan (DPC)
)
(/usr/local/texlive/2014/texmf-dist/tex/latex/latexconfig/graphics.cfg
File: graphics.cfg 2010/04/23 v1.9 graphics configuration of TeX Live
)
Package graphics Info: Driver file: pdftex.def on input line 91.

(/usr/local/texlive/2014/texmf-dist/tex/latex/pdftex-def/pdftex.def
File: pdftex.def 2011/05/27 v0.06d Graphics/color for pdfTeX

(/usr/local/texlive/2014/texmf-dist/tex/generic/oberdiek/infwarerr.sty
Package: infwarerr 2010/04/08 v1.3 Providing info/warning/error messages (HO)
)
(/usr/local/texlive/2014/texmf-dist/tex/generic/oberdiek/ltxcmds.sty
Package: ltxcmds 2011/11/09 v1.22 LaTeX kernel commands for general use (HO)
)
\Gread@gobject=\count92
))
\Gin@req@height=\dimen106
\Gin@req@width=\dimen107
)
\epsfxsize=\dimen108
\epsfysize=\dimen109
)
(/usr/local/texlive/2014/texmf-dist/tex/latex/amsmath/amsmath.sty
Package: amsmath 2013/01/14 v2.14 AMS math features
\@mathmargin=\skip45

For additional information on amsmath, use the `?' option.
(/usr/local/texlive/2014/texmf-dist/tex/latex/amsmath/amstext.sty
Package: amstext 2000/06/29 v2.01

(/usr/local/texlive/2014/texmf-dist/tex/latex/amsmath/amsgen.sty
File: amsgen.sty 1999/11/30 v2.0
\@emptytoks=\toks15
\ex@=\dimen110
))
(/usr/local/texlive/2014/texmf-dist/tex/latex/amsmath/amsbsy.sty
Package: amsbsy 1999/11/29 v1.2d
\pmbraise@=\dimen111
)
(/usr/local/texlive/2014/texmf-dist/tex/latex/amsmath/amsopn.sty
Package: amsopn 1999/12/14 v2.01 operator names
)
\inf@bad=\count93
LaTeX Info: Redefining \frac on input line 210.
\uproot@=\count94
\leftroot@=\count95
LaTeX Info: Redefining \overline on input line 306.
\classnum@=\count96
\DOTSCASE@=\count97
LaTeX Info: Redefining \ldots on input line 378.
LaTeX Info: Redefining \dots on input line 381.
LaTeX Info: Redefining \cdots on input line 466.
\Mathstrutbox@=\box28
\strutbox@=\box29
\big@size=\dimen112
LaTeX Font Info:    Redeclaring font encoding OML on input line 566.
LaTeX Font Info:    Redeclaring font encoding OMS on input line 567.
\macc@depth=\count98
\c@MaxMatrixCols=\count99
\dotsspace@=\muskip10
\c@parentequation=\count100
\dspbrk@lvl=\count101
\tag@help=\toks16
\row@=\count102
\column@=\count103
\maxfields@=\count104
\andhelp@=\toks17
\eqnshift@=\dimen113
\alignsep@=\dimen114
\tagshift@=\dimen115
\tagwidth@=\dimen116
\totwidth@=\dimen117
\lineht@=\dimen118
\@envbody=\toks18
\multlinegap=\skip46
\multlinetaggap=\skip47
\mathdisplay@stack=\toks19
LaTeX Info: Redefining \[ on input line 2665.
LaTeX Info: Redefining \] on input line 2666.
)
(/usr/local/texlive/2014/texmf-dist/tex/latex/amsfonts/amssymb.sty
Package: amssymb 2013/01/14 v3.01 AMS font symbols

(/usr/local/texlive/2014/texmf-dist/tex/latex/amsfonts/amsfonts.sty
Package: amsfonts 2013/01/14 v3.01 Basic AMSFonts support
\symAMSa=\mathgroup4
\symAMSb=\mathgroup5
LaTeX Font Info:    Overwriting math alphabet `\mathfrak' in version `bold'
(Font)                  U/euf/m/n --> U/euf/b/n on input line 106.
))
(/usr/local/texlive/2014/texmf-dist/tex/latex/base/inputenc.sty
Package: inputenc 2014/04/30 v1.2b Input encoding file
\inpenc@prehook=\toks20
\inpenc@posthook=\toks21

(/usr/local/texlive/2014/texmf-dist/tex/latex/ucs/utf8x.def
File: utf8x.def 2004/10/17 UCS: Input encoding UTF-8
))
(/usr/local/texlive/2014/texmf-dist/tex/latex/ucs/ucs.sty
Package: ucs 2013/05/11 v2.2 UCS: Unicode input support

(/usr/local/texlive/2014/texmf-dist/tex/latex/ucs/data/uni-global.def
File: uni-global.def 2013/05/13 UCS: Unicode global data
)
\uc@secondtry=\count105
\uc@combtoks=\toks22
\uc@combtoksb=\toks23
\uc@temptokena=\toks24
)
(/usr/local/texlive/2014/texmf-dist/tex/latex/preprint/balance.sty
Package: balance 1999/02/23 4.3 (PWD)
\oldvsize=\dimen119
)
(/usr/local/texlive/2014/texmf-dist/tex/latex/caption/caption.sty
Package: caption 2013/05/02 v3.3-89 Customizing captions (AR)

(/usr/local/texlive/2014/texmf-dist/tex/latex/caption/caption3.sty
Package: caption3 2013/05/02 v1.6-88 caption3 kernel (AR)
Package caption3 Info: TeX engine: e-TeX on input line 57.
\captionmargin=\dimen120
\captionmargin@=\dimen121
\captionwidth=\dimen122
\caption@tempdima=\dimen123
\caption@indent=\dimen124
\caption@parindent=\dimen125
\caption@hangindent=\dimen126
Package caption Info: Unknown document class (or package),
(caption)             standard defaults will be used.
)

Package caption Warning: Unsupported document class (or package) detected,
(caption)                usage of the caption package is not recommended.
See the caption package documentation for explanation.

Package caption Info: \@makecaption = \long macro:#1#2-> \setbox \@tempboxa \hb
ox {\small \noindent #1.~#2} \setlength {\@ctmp }{\hsize } \addtolength {\@ctmp
 }{-\@figindent }\addtolength {\@ctmp }{-\@figindent } \ifdim \wd \@tempboxa >\
@ctmp {\small #1.~#2\par } \else \hbox to\hsize {\hfil \box \@tempboxa \hfil } 
\fi .
\c@ContinuedFloat=\count106
) (/usr/local/texlive/2014/texmf-dist/tex/latex/caption/subcaption.sty
Package: subcaption 2013/02/03 v1.1-62 Sub-captions (AR)
\c@subfigure=\count107
\c@subtable=\count108
)
(/usr/local/texlive/2014/texmf-dist/tex/latex/listings/listings.sty
\lst@mode=\count109
\lst@gtempboxa=\box30
\lst@token=\toks25
\lst@length=\count110
\lst@currlwidth=\dimen127
\lst@column=\count111
\lst@pos=\count112
\lst@lostspace=\dimen128
\lst@width=\dimen129
\lst@newlines=\count113
\lst@lineno=\count114
\lst@maxwidth=\dimen130

(/usr/local/texlive/2014/texmf-dist/tex/latex/listings/lstmisc.sty
File: lstmisc.sty 2014/03/04 1.5c (Carsten Heinz)
\c@lstnumber=\count115
\lst@skipnumbers=\count116
\lst@framebox=\box31
)
(/usr/local/texlive/2014/texmf-dist/tex/latex/listings/listings.cfg
File: listings.cfg 2014/03/04 1.5c listings configuration
))
Package: listings 2014/03/04 1.5c (Carsten Heinz)

(/usr/local/texlive/2014/texmf-dist/tex/latex/xcolor/xcolor.sty
Package: xcolor 2007/01/21 v2.11 LaTeX color extensions (UK)

(/usr/local/texlive/2014/texmf-dist/tex/latex/latexconfig/color.cfg
File: color.cfg 2007/01/18 v1.5 color configuration of teTeX/TeXLive
)
Package xcolor Info: Driver file: pdftex.def on input line 225.
Package xcolor Info: Model `cmy' substituted by `cmy0' on input line 1337.
Package xcolor Info: Model `hsb' substituted by `rgb' on input line 1341.
Package xcolor Info: Model `RGB' extended on input line 1353.
Package xcolor Info: Model `HTML' substituted by `rgb' on input line 1355.
Package xcolor Info: Model `Hsb' substituted by `hsb' on input line 1356.
Package xcolor Info: Model `tHsb' substituted by `hsb' on input line 1357.
Package xcolor Info: Model `HSB' substituted by `hsb' on input line 1358.
Package xcolor Info: Model `Gray' substituted by `gray' on input line 1359.
Package xcolor Info: Model `wave' substituted by `hsb' on input line 1360.
)
(/usr/local/texlive/2014/texmf-dist/tex/latex/enumitem/enumitem.sty
Package: enumitem 2011/09/28 v3.5.2 Customized lists
\labelindent=\skip48
\enit@outerparindent=\dimen131
\enit@toks=\toks26
\enit@inbox=\box32
\enitdp@description=\count117
)
(/usr/local/texlive/2014/texmf-dist/tex/latex/hyperref/hyperref.sty
Package: hyperref 2012/11/06 v6.83m Hypertext links for LaTeX

(/usr/local/texlive/2014/texmf-dist/tex/generic/oberdiek/hobsub-hyperref.sty
Package: hobsub-hyperref 2012/05/28 v1.13 Bundle oberdiek, subset hyperref (HO)


(/usr/local/texlive/2014/texmf-dist/tex/generic/oberdiek/hobsub-generic.sty
Package: hobsub-generic 2012/05/28 v1.13 Bundle oberdiek, subset generic (HO)
Package: hobsub 2012/05/28 v1.13 Construct package bundles (HO)
Package hobsub Info: Skipping package `infwarerr' (already loaded).
Package hobsub Info: Skipping package `ltxcmds' (already loaded).
Package: ifluatex 2010/03/01 v1.3 Provides the ifluatex switch (HO)
Package ifluatex Info: LuaTeX not detected.
Package: ifvtex 2010/03/01 v1.5 Detect VTeX and its facilities (HO)
Package ifvtex Info: VTeX not detected.
Package: intcalc 2007/09/27 v1.1 Expandable calculations with integers (HO)
Package: ifpdf 2011/01/30 v2.3 Provides the ifpdf switch (HO)
Package ifpdf Info: pdfTeX in PDF mode is detected.
Package: etexcmds 2011/02/16 v1.5 Avoid name clashes with e-TeX commands (HO)
Package etexcmds Info: Could not find \expanded.
(etexcmds)             That can mean that you are not using pdfTeX 1.50 or
(etexcmds)             that some package has redefined \expanded.
(etexcmds)             In the latter case, load this package earlier.
Package: kvsetkeys 2012/04/25 v1.16 Key value parser (HO)
Package: kvdefinekeys 2011/04/07 v1.3 Define keys (HO)
Package: pdftexcmds 2011/11/29 v0.20 Utility functions of pdfTeX for LuaTeX (HO
)
Package pdftexcmds Info: LuaTeX not detected.
Package pdftexcmds Info: \pdf@primitive is available.
Package pdftexcmds Info: \pdf@ifprimitive is available.
Package pdftexcmds Info: \pdfdraftmode found.
Package: pdfescape 2011/11/25 v1.13 Implements pdfTeX's escape features (HO)
Package: bigintcalc 2012/04/08 v1.3 Expandable calculations on big integers (HO
)
Package: bitset 2011/01/30 v1.1 Handle bit-vector datatype (HO)
Package: uniquecounter 2011/01/30 v1.2 Provide unlimited unique counter (HO)
)
Package hobsub Info: Skipping package `hobsub' (already loaded).
Package: letltxmacro 2010/09/02 v1.4 Let assignment for LaTeX macros (HO)
Package: hopatch 2012/05/28 v1.2 Wrapper for package hooks (HO)
Package: xcolor-patch 2011/01/30 xcolor patch
Package: atveryend 2011/06/30 v1.8 Hooks at the very end of document (HO)
Package atveryend Info: \enddocument detected (standard20110627).
Package: atbegshi 2011/10/05 v1.16 At begin shipout hook (HO)
Package: refcount 2011/10/16 v3.4 Data extraction from label references (HO)
Package: hycolor 2011/01/30 v1.7 Color options for hyperref/bookmark (HO)
)
(/usr/local/texlive/2014/texmf-dist/tex/generic/ifxetex/ifxetex.sty
Package: ifxetex 2010/09/12 v0.6 Provides ifxetex conditional
)
(/usr/local/texlive/2014/texmf-dist/tex/latex/oberdiek/auxhook.sty
Package: auxhook 2011/03/04 v1.3 Hooks for auxiliary files (HO)
)
(/usr/local/texlive/2014/texmf-dist/tex/latex/oberdiek/kvoptions.sty
Package: kvoptions 2011/06/30 v3.11 Key value format for package options (HO)
)
\@linkdim=\dimen132
\Hy@linkcounter=\count118
\Hy@pagecounter=\count119

(/usr/local/texlive/2014/texmf-dist/tex/latex/hyperref/pd1enc.def
File: pd1enc.def 2012/11/06 v6.83m Hyperref: PDFDocEncoding definition (HO)
)
\Hy@SavedSpaceFactor=\count120

(/usr/local/texlive/2014/texmf-dist/tex/latex/latexconfig/hyperref.cfg
File: hyperref.cfg 2002/06/06 v1.2 hyperref configuration of TeXLive
)
Package hyperref Info: Option `breaklinks' set `true' on input line 4319.


Package hyperref Warning: Option `letterpaper' is no longer used.

Package hyperref Info: Option `colorlinks' set `true' on input line 4319.
Package hyperref Info: Option `bookmarks' set `false' on input line 4319.
Package hyperref Info: Hyper figures OFF on input line 4443.
Package hyperref Info: Link nesting OFF on input line 4448.
Package hyperref Info: Hyper index ON on input line 4451.
Package hyperref Info: Plain pages OFF on input line 4458.
Package hyperref Info: Backreferencing ON on input line 4461.
Package hyperref Info: Implicit mode ON; LaTeX internals redefined.
Package hyperref Info: Bookmarks OFF on input line 4694.
(/usr/local/texlive/2014/texmf-dist/tex/latex/hyperref/backref.sty
Package: backref 2012/07/25 v1.38 Bibliographical back referencing

(/usr/local/texlive/2014/texmf-dist/tex/latex/oberdiek/rerunfilecheck.sty
Package: rerunfilecheck 2011/04/15 v1.7 Rerun checks for auxiliary files (HO)
Package uniquecounter Info: New unique counter `rerunfilecheck' on input line 2
82.
))
\c@Hy@tempcnt=\count121

(/usr/local/texlive/2014/texmf-dist/tex/latex/url/url.sty
\Urlmuskip=\muskip11
Package: url 2013/09/16  ver 3.4  Verb mode for urls, etc.
)
LaTeX Info: Redefining \url on input line 5041.
\XeTeXLinkMargin=\dimen133
\Fld@menulength=\count122
\Field@Width=\dimen134
\Fld@charsize=\dimen135
Package hyperref Info: Hyper figures OFF on input line 6295.
Package hyperref Info: Link nesting OFF on input line 6300.
Package hyperref Info: Hyper index ON on input line 6303.
Package hyperref Info: backreferencing ON on input line 6308.
Package hyperref Info: Link coloring ON on input line 6313.
Package hyperref Info: Link coloring with OCG OFF on input line 6320.
Package hyperref Info: PDF/A mode OFF on input line 6325.
LaTeX Info: Redefining \ref on input line 6365.
LaTeX Info: Redefining \pageref on input line 6369.
\Hy@abspage=\count123
\c@Item=\count124
\c@Hfootnote=\count125
)

Package hyperref Message: Driver (autodetected): hpdftex.

(/usr/local/texlive/2014/texmf-dist/tex/latex/hyperref/hpdftex.def
File: hpdftex.def 2012/11/06 v6.83m Hyperref driver for pdfTeX
\Fld@listcount=\count126
\c@bookmark@seq@number=\count127
\Hy@SectionHShift=\skip49
)
(./iccvm2016.aux)
\openout1 = `iccvm2016.aux'.

LaTeX Font Info:    Checking defaults for OML/cmm/m/it on input line 76.
LaTeX Font Info:    ... okay on input line 76.
LaTeX Font Info:    Checking defaults for T1/cmr/m/n on input line 76.
LaTeX Font Info:    ... okay on input line 76.
LaTeX Font Info:    Checking defaults for OT1/cmr/m/n on input line 76.
LaTeX Font Info:    ... okay on input line 76.
LaTeX Font Info:    Checking defaults for OMS/cmsy/m/n on input line 76.
LaTeX Font Info:    ... okay on input line 76.
LaTeX Font Info:    Checking defaults for OMX/cmex/m/n on input line 76.
LaTeX Font Info:    ... okay on input line 76.
LaTeX Font Info:    Checking defaults for U/cmr/m/n on input line 76.
LaTeX Font Info:    ... okay on input line 76.
LaTeX Font Info:    Checking defaults for PD1/pdf/m/n on input line 76.
LaTeX Font Info:    ... okay on input line 76.
LaTeX Font Info:    Try loading font information for OT1+ptm on input line 76.

(/usr/local/texlive/2014/texmf-dist/tex/latex/psnfss/ot1ptm.fd
File: ot1ptm.fd 2001/06/04 font definitions for OT1/ptm.
)
ABD: EveryShipout initializing macros
(/usr/local/texlive/2014/texmf-dist/tex/context/base/supp-pdf.mkii
[Loading MPS to PDF converter (version 2006.09.02).]
\scratchcounter=\count128
\scratchdimen=\dimen136
\scratchbox=\box33
\nofMPsegments=\count129
\nofMParguments=\count130
\everyMPshowfont=\toks27
\MPscratchCnt=\count131
\MPscratchDim=\dimen137
\MPnumerator=\count132
\makeMPintoPDFobject=\count133
\everyMPtoPDFconversion=\toks28
) (/usr/local/texlive/2014/texmf-dist/tex/latex/oberdiek/epstopdf-base.sty
Package: epstopdf-base 2010/02/09 v2.5 Base part for package epstopdf

(/usr/local/texlive/2014/texmf-dist/tex/latex/oberdiek/grfext.sty
Package: grfext 2010/08/19 v1.1 Manage graphics extensions (HO)
)
Package grfext Info: Graphics extension search list:
(grfext)             [.png,.pdf,.jpg,.mps,.jpeg,.jbig2,.jb2,.PNG,.PDF,.JPG,.JPE
G,.JBIG2,.JB2,.eps]
(grfext)             \AppendGraphicsExtensions on input line 452.

(/usr/local/texlive/2014/texmf-dist/tex/latex/latexconfig/epstopdf-sys.cfg
File: epstopdf-sys.cfg 2010/07/13 v1.3 Configuration of (r)epstopdf for TeX Liv
e
))
(/usr/local/texlive/2014/texmf-dist/tex/latex/ucs/ucsencs.def
File: ucsencs.def 2011/01/21 Fixes to fontencodings LGR, T3
)
Package caption Info: Begin \AtBeginDocument code.
Package caption Info: hyperref package is loaded.
Package caption Info: listings package is loaded.
Package caption Info: End \AtBeginDocument code.
\c@lstlisting=\count134
\AtBeginShipoutBox=\box34
Package atbegshi Info: Package `everyshi' patched.
Package hyperref Info: Link coloring ON on input line 76.

(/usr/local/texlive/2014/texmf-dist/tex/latex/hyperref/nameref.sty
Package: nameref 2012/10/27 v2.43 Cross-referencing by name of section

(/usr/local/texlive/2014/texmf-dist/tex/generic/oberdiek/gettitlestring.sty
Package: gettitlestring 2010/12/03 v1.4 Cleanup title references (HO)
)
\c@section@level=\count135
)
LaTeX Info: Redefining \ref on input line 76.
LaTeX Info: Redefining \pageref on input line 76.
LaTeX Info: Redefining \nameref on input line 76.
LaTeX Font Info:    Font shape `OT1/ptm/bx/n' in size <14.4> not available
(Font)              Font shape `OT1/ptm/b/n' tried instead on input line 120.
LaTeX Font Info:    Try loading font information for U+msa on input line 120.

(/usr/local/texlive/2014/texmf-dist/tex/latex/amsfonts/umsa.fd
File: umsa.fd 2013/01/14 v3.01 AMS symbols A
)
LaTeX Font Info:    Try loading font information for U+msb on input line 120.

(/usr/local/texlive/2014/texmf-dist/tex/latex/amsfonts/umsb.fd
File: umsb.fd 2013/01/14 v3.01 AMS symbols B
)
Overfull \hbox (12.0pt too wide) in paragraph at lines 120--120
 [][] 
 []

(./abstract.tex
LaTeX Font Info:    Font shape `OT1/ptm/bx/n' in size <10> not available
(Font)              Font shape `OT1/ptm/b/n' tried instead on input line 1.
LaTeX Font Info:    Font shape `OT1/ptm/bx/sc' in size <10> not available
(Font)              Font shape `OT1/ptm/b/sc' tried instead on input line 4.
LaTeX Font Info:    Font shape `OT1/ptm/bx/sc' in size <12> not available
(Font)              Font shape `OT1/ptm/b/sc' tried instead on input line 4.
LaTeX Font Info:    Font shape `OT1/ptm/bx/it' in size <10> not available
(Font)              Font shape `OT1/ptm/b/it' tried instead on input line 6.
) (./introduction.tex [1{/usr/local/texlive/2014/texmf-var/fonts/map/pdftex/upd
map/pdftex.map}


]) (./related-work.tex
Underfull \vbox (badness 10000) has occurred while \output is active []


<images/web_framework_2.png, id=38, 1845.89626pt x 1246.6575pt>
File: images/web_framework_2.png Graphic file (type png)

<use images/web_framework_2.png>
Package pdftex.def Info: images/web_framework_2.png used on input line 45.
(pdftex.def)             Requested size: 496.85625pt x 335.55579pt.
LaTeX Font Info:    Try loading font information for OT1+pcr on input line 58.

(/usr/local/texlive/2014/texmf-dist/tex/latex/psnfss/ot1pcr.fd
File: ot1pcr.fd 2001/06/04 font definitions for OT1/pcr.
) [2])
(./framework.tex [3 <./images/web_framework_2.png>]
Package epstopdf Info: Source file: <images/architecture.eps>
(epstopdf)                    date: 2015-09-01 18:29:17
(epstopdf)                    size: 791424 bytes
(epstopdf)             Output file: <images/architecture-eps-converted-to.pdf>
(epstopdf)                    date: 2015-09-01 18:29:17
(epstopdf)                    size: 165881 bytes
(epstopdf)             Command: <repstopdf --outfile=images/architecture-eps-co
nverted-to.pdf images/architecture.eps>
(epstopdf)             \includegraphics on input line 102.
Package epstopdf Info: Output file is already uptodate.

<images/architecture-eps-converted-to.pdf, id=73, 833.1125pt x 230.8625pt>
File: images/architecture-eps-converted-to.pdf Graphic file (type pdf)

<use images/architecture-eps-converted-to.pdf>
Package pdftex.def Info: images/architecture-eps-converted-to.pdf used on input
 line 102.
(pdftex.def)             Requested size: 496.85625pt x 137.68369pt.
 [4])
Underfull \hbox (badness 1132) in paragraph at lines 164--133
\OT1/ptm/m/n/10 cor-re-spond-ing \OT1/pcr/m/n/10 smart object proxy \OT1/ptm/m/
n/10 on the server.
 []


Underfull \hbox (badness 1147) in paragraph at lines 164--133
\OT1/ptm/m/n/10 by their names. When the user re-quires in-for-ma-tion
 []

(./hijson.tex

LaTeX Warning: Reference `lar' on page 5 undefined on input line 10.

[5 <./images/architecture-eps-converted-to.pdf>]
Underfull \hbox (badness 10000) in paragraph at lines 92--93
[]\OT1/ptm/m/n/10 A HI-J-SON doc-u-ment is com-posed by a con-
 []


Underfull \hbox (badness 10000) in paragraph at lines 92--93
\OT1/ptm/m/n/10 fig-u-ra-tion sec-tion, fol-lowed by one or more
 []

LaTeX Font Info:    Try loading font information for OMS+pcr on input line 99.
(/usr/local/texlive/2014/texmf-dist/tex/latex/psnfss/omspcr.fd
File: omspcr.fd 
)
LaTeX Font Info:    Font shape `OMS/pcr/m/n' in size <7> not available
(Font)              Font shape `OMS/cmsy/m/n' tried instead on input line 99.

Underfull \hbox (badness 2368) in paragraph at lines 125--126
[]\OT1/ptm/m/n/10 The con-fig-u-ra-tion in-cludes pa-ram-e-ters and set-tings
 []


Underfull \hbox (badness 1033) in paragraph at lines 127--129
[]\OT1/ptm/m/n/10 After the con-fig-u-ra-tion part, the doc-u-ment in-cludes
 []


Underfull \hbox (badness 3108) in paragraph at lines 127--129
\OT1/ptm/m/n/10 a list of \OT1/pcr/m/n/10 FeatureCollection\OT1/ptm/m/n/10 . An
 ex-am-ple of
 []

[6]
Underfull \hbox (badness 5161) in paragraph at lines 159--167
[]\OT1/ptm/m/n/10 Each el-e-ment of the list is given in the form
 []


Underfull \hbox (badness 1292) in paragraph at lines 159--167
\OT1/ptm/m/n/10 of a Geo-J-SON \OT1/pcr/m/n/10 FeatureCollection\OT1/ptm/m/n/10
 , that con-tains
 []


Underfull \hbox (badness 5133) in paragraph at lines 159--167
\OT1/ptm/m/n/10 an ar-bi-trary num-ber of HI-J-SON El-e-ments. Each
 []


Underfull \hbox (badness 1132) in paragraph at lines 159--167
\OT1/pcr/m/n/10 FeatureCollection \OT1/ptm/m/n/10 im-poses a log-i-cal re-la-ti
on-ship
 []


Underfull \hbox (badness 1331) in paragraph at lines 188--193
[]\OT1/ptm/m/n/10 Three Ge-om-e-try types can be used here: \OT1/pcr/m/n/10 Poi
nt\OT1/ptm/m/n/10 ,
 []


Underfull \hbox (badness 3557) in paragraph at lines 205--211
[]\OT1/ptm/m/n/10 Specific classes may re-quire the manda-tory pres-
 []


Underfull \hbox (badness 2285) in paragraph at lines 205--211
\OT1/ptm/m/n/10 ence of other prop-er-ties. For ex-am-ple, the classes
 []

) (./toolkit.tex [7]
Package epstopdf Info: Source file: <images/pipeline.eps>
(epstopdf)                    date: 2015-09-01 18:29:17
(epstopdf)                    size: 876630 bytes
(epstopdf)             Output file: <images/pipeline-eps-converted-to.pdf>
(epstopdf)                    date: 2015-09-01 18:29:17
(epstopdf)                    size: 370216 bytes
(epstopdf)             Command: <repstopdf --outfile=images/pipeline-eps-conver
ted-to.pdf images/pipeline.eps>
(epstopdf)             \includegraphics on input line 39.
Package epstopdf Info: Output file is already uptodate.

<images/pipeline-eps-converted-to.pdf, id=170, 803.0pt x 1027.84pt>
File: images/pipeline-eps-converted-to.pdf Graphic file (type pdf)

<use images/pipeline-eps-converted-to.pdf>
Package pdftex.def Info: images/pipeline-eps-converted-to.pdf used on input lin
e 39.
(pdftex.def)             Requested size: 155.25494pt x 198.73946pt.
LaTeX Font Info:    Font shape `OT1/pcr/m/it' in size <10> not available
(Font)              Font shape `OT1/pcr/m/sl' tried instead on input line 46.

Underfull \hbox (badness 1389) in paragraph at lines 94--100
\OT1/ptm/m/n/10 This stage, in which are per-formed tasks like break-
 []

[8 <./images/pipeline-eps-converted-to.pdf>]
Package epstopdf Info: Source file: <images/graph-generation/single/graph-gener
ation-1.eps>
(epstopdf)                    date: 2015-09-01 18:29:17
(epstopdf)                    size: 412229 bytes
(epstopdf)             Output file: <images/graph-generation/single/graph-gener
ation-1-eps-converted-to.pdf>
(epstopdf)                    date: 2015-09-01 18:29:17
(epstopdf)                    size: 11143 bytes
(epstopdf)             Command: <repstopdf --outfile=images/graph-generation/si
ngle/graph-generation-1-eps-converted-to.pdf images/graph-generation/single/gra
ph-generation-1.eps>
(epstopdf)             \includegraphics on input line 140.
Package epstopdf Info: Output file is already uptodate.

<images/graph-generation/single/graph-generation-1-eps-converted-to.pdf, id=186
, 164.615pt x 123.46124pt>
File: images/graph-generation/single/graph-generation-1-eps-converted-to.pdf Gr
aphic file (type pdf)

<use images/graph-generation/single/graph-generation-1-eps-converted-to.pdf>
Package pdftex.def Info: images/graph-generation/single/graph-generation-1-eps-
converted-to.pdf used on input line 140.
(pdftex.def)             Requested size: 164.6146pt x 123.46092pt.
Package epstopdf Info: Source file: <images/graph-generation/single/graph-gener
ation-2.eps>
(epstopdf)                    date: 2015-09-01 18:29:17
(epstopdf)                    size: 416259 bytes
(epstopdf)             Output file: <images/graph-generation/single/graph-gener
ation-2-eps-converted-to.pdf>
(epstopdf)                    date: 2015-09-01 18:29:17
(epstopdf)                    size: 43207 bytes
(epstopdf)             Command: <repstopdf --outfile=images/graph-generation/si
ngle/graph-generation-2-eps-converted-to.pdf images/graph-generation/single/gra
ph-generation-2.eps>
(epstopdf)             \includegraphics on input line 142.
Package epstopdf Info: Output file is already uptodate.

<images/graph-generation/single/graph-generation-2-eps-converted-to.pdf, id=187
, 164.615pt x 123.46124pt>
File: images/graph-generation/single/graph-generation-2-eps-converted-to.pdf Gr
aphic file (type pdf)

<use images/graph-generation/single/graph-generation-2-eps-converted-to.pdf>
Package pdftex.def Info: images/graph-generation/single/graph-generation-2-eps-
converted-to.pdf used on input line 142.
(pdftex.def)             Requested size: 164.6146pt x 123.46092pt.
Package epstopdf Info: Source file: <images/graph-generation/single/graph-gener
ation-3.eps>
(epstopdf)                    date: 2015-09-01 18:29:17
(epstopdf)                    size: 416684 bytes
(epstopdf)             Output file: <images/graph-generation/single/graph-gener
ation-3-eps-converted-to.pdf>
(epstopdf)                    date: 2015-09-01 18:29:17
(epstopdf)                    size: 45323 bytes
(epstopdf)             Command: <repstopdf --outfile=images/graph-generation/si
ngle/graph-generation-3-eps-converted-to.pdf images/graph-generation/single/gra
ph-generation-3.eps>
(epstopdf)             \includegraphics on input line 144.
Package epstopdf Info: Output file is already uptodate.

<images/graph-generation/single/graph-generation-3-eps-converted-to.pdf, id=188
, 164.615pt x 123.46124pt>
File: images/graph-generation/single/graph-generation-3-eps-converted-to.pdf Gr
aphic file (type pdf)

<use images/graph-generation/single/graph-generation-3-eps-converted-to.pdf>
Package pdftex.def Info: images/graph-generation/single/graph-generation-3-eps-
converted-to.pdf used on input line 144.
(pdftex.def)             Requested size: 164.6146pt x 123.46092pt.
Package epstopdf Info: Source file: <images/graph-generation/single/graph-gener
ation-4.eps>
(epstopdf)                    date: 2015-09-01 18:29:17
(epstopdf)                    size: 412740 bytes
(epstopdf)             Output file: <images/graph-generation/single/graph-gener
ation-4-eps-converted-to.pdf>
(epstopdf)                    date: 2015-09-01 18:29:17
(epstopdf)                    size: 32013 bytes
(epstopdf)             Command: <repstopdf --outfile=images/graph-generation/si
ngle/graph-generation-4-eps-converted-to.pdf images/graph-generation/single/gra
ph-generation-4.eps>
(epstopdf)             \includegraphics on input line 146.
Package epstopdf Info: Output file is already uptodate.

<images/graph-generation/single/graph-generation-4-eps-converted-to.pdf, id=189
, 164.615pt x 123.46124pt>
File: images/graph-generation/single/graph-generation-4-eps-converted-to.pdf Gr
aphic file (type pdf)

<use images/graph-generation/single/graph-generation-4-eps-converted-to.pdf>
Package pdftex.def Info: images/graph-generation/single/graph-generation-4-eps-
converted-to.pdf used on input line 146.
(pdftex.def)             Requested size: 164.6146pt x 123.46092pt.
Package epstopdf Info: Source file: <images/element-class-node.eps>
(epstopdf)                    date: 2015-09-01 18:29:17
(epstopdf)                    size: 298010 bytes
(epstopdf)             Output file: <images/element-class-node-eps-converted-to
.pdf>
(epstopdf)                    date: 2015-09-01 18:29:17
(epstopdf)                    size: 91550 bytes
(epstopdf)             Command: <repstopdf --outfile=images/element-class-node-
eps-converted-to.pdf images/element-class-node.eps>
(epstopdf)             \includegraphics on input line 162.
Package epstopdf Info: Output file is already uptodate.

<images/element-class-node-eps-converted-to.pdf, id=190, 1027.84pt x 200.75pt>
File: images/element-class-node-eps-converted-to.pdf Graphic file (type pdf)

<use images/element-class-node-eps-converted-to.pdf>
Package pdftex.def Info: images/element-class-node-eps-converted-to.pdf used on
 input line 162.
(pdftex.def)             Requested size: 218.61795pt x 42.69786pt.
LaTeX Font Info:    Try loading font information for OMS+ptm on input line 178.


(/usr/local/texlive/2014/texmf-dist/tex/latex/psnfss/omsptm.fd
File: omsptm.fd 
)
LaTeX Font Info:    Font shape `OMS/ptm/m/n' in size <10> not available
(Font)              Font shape `OMS/cmsy/m/n' tried instead on input line 178.
)
(./workflow.tex <images/ward/ward.pdf, id=195, 2007.5pt x 519.9425pt>
File: images/ward/ward.pdf Graphic file (type pdf)

<use images/ward/ward.pdf>
Package pdftex.def Info: images/ward/ward.pdf used on input line 14.
(pdftex.def)             Requested size: 496.85625pt x 128.68417pt.

<images/ward/ward1.png, id=196, 1209.51875pt x 912.40875pt>
File: images/ward/ward1.png Graphic file (type png)

<use images/ward/ward1.png>
Package pdftex.def Info: images/ward/ward1.png used on input line 16.
(pdftex.def)             Requested size: 162.46992pt x 122.55728pt.

<images/ward/ward4.png, id=197, 1216.545pt x 909.3975pt>
File: images/ward/ward4.png Graphic file (type png)

<use images/ward/ward4.png>
Package pdftex.def Info: images/ward/ward4.png used on input line 17.
(pdftex.def)             Requested size: 162.46992pt x 121.44511pt.

<images/ward/ward5.png, id=198, 1214.5375pt x 910.40125pt>
File: images/ward/ward5.png Graphic file (type png)

<use images/ward/ward5.png>
Package pdftex.def Info: images/ward/ward5.png used on input line 18.
(pdftex.def)             Requested size: 162.46992pt x 121.77364pt.

<images/lab/lab0.png, id=199, 1213.53375pt x 912.40875pt>
File: images/lab/lab0.png Graphic file (type png)

<use images/lab/lab0.png>
Package pdftex.def Info: images/lab/lab0.png used on input line 27.
(pdftex.def)             Requested size: 162.46992pt x 122.15353pt.

<images/lab/lab2.png, id=200, 1221.56375pt x 909.3975pt>
File: images/lab/lab2.png Graphic file (type png)

<use images/lab/lab2.png>
Package pdftex.def Info: images/lab/lab2.png used on input line 28.
(pdftex.def)             Requested size: 162.46992pt x 120.94557pt.

<images/lab/lab3.png, id=201, 1213.53375pt x 910.40125pt>
File: images/lab/lab3.png Graphic file (type png)

<use images/lab/lab3.png>
Package pdftex.def Info: images/lab/lab3.png used on input line 29.
(pdftex.def)             Requested size: 162.46992pt x 121.88477pt.

<images/lab/lab4.png, id=202, 1211.52625pt x 910.40125pt>
File: images/lab/lab4.png Graphic file (type png)

<use images/lab/lab4.png>
Package pdftex.def Info: images/lab/lab4.png used on input line 31.
(pdftex.def)             Requested size: 162.46992pt x 122.07925pt.

<images/lab/lab5.png, id=203, 1212.53pt x 909.3975pt>
File: images/lab/lab5.png Graphic file (type png)

<use images/lab/lab5.png>
Package pdftex.def Info: images/lab/lab5.png used on input line 32.
(pdftex.def)             Requested size: 162.46992pt x 121.84753pt.

<images/lab/lab6.png, id=204, 1212.53pt x 908.39375pt>
File: images/lab/lab6.png Graphic file (type png)

<use images/lab/lab6.png>
Package pdftex.def Info: images/lab/lab6.png used on input line 33.
(pdftex.def)             Requested size: 162.46992pt x 121.71304pt.

<images/hospital2.png, id=205, 904.37875pt x 642.4pt>
File: images/hospital2.png Graphic file (type png)

<use images/hospital2.png>
Package pdftex.def Info: images/hospital2.png used on input line 41.
(pdftex.def)             Requested size: 237.13594pt x 168.44138pt.
 [9 <./images/graph-generation/single/graph-generation-1-eps-converted-to.pdf> 
<./images/graph-generation/single/graph-generation-2-eps-converted-to.pdf> <./i
mages/graph-generation/single/graph-generation-3-eps-converted-to.pdf> <./image
s/graph-generation/single/graph-generation-4-eps-converted-to.pdf> <./images/el
ement-class-node-eps-converted-to.pdf>]
Underfull \vbox (badness 10000) has occurred while \output is active []


Underfull \vbox (badness 10000) has occurred while \output is active []

 [10 <./images/ward/ward.pdf> <./images/ward/ward1.png> <./images/ward/ward4.pn
g> <./images/ward/ward5.png> <./images/lab/lab0.png> <./images/lab/lab2.png> <.
/images/lab/lab3.png> <./images/lab/lab4.png> <./images/lab/lab5.png> <./images
/lab/lab6.png>]) (./conclusions.tex) (./acknoledgments.tex)
Underfull \hbox (badness 1874) in paragraph at lines 3--147
 []\OT1/ptm/b/n/10 Acknowledgments \OT1/ptm/m/n/10 The au-thors ac-knowl-edge S
O-GEI,
 []

(./iccvm2016.bbl (./iccvm2016.brf)
\tf@brf=\write3
\openout3 = `iccvm2016.brf'.


Underfull \hbox (badness 10000) in paragraph at lines 52--52
\OT1/pcr/m/n/9 / / www . google . com / maps / about / partners /
 []


Underfull \hbox (badness 10000) in paragraph at lines 65--65
\OT1/pcr/m/n/9 / / github . com / asaarinen / indoor-[]json$[][]\OT1/ptm/m/n/9 
, 2013.
 []

[11 <./images/hospital2.png>]) (./appendix.tex
<images/minimum.pdf, id=305, 982.67125pt x 424.58624pt>
File: images/minimum.pdf Graphic file (type pdf)

<use images/minimum.pdf>
Package pdftex.def Info: images/minimum.pdf used on input line 19.
(pdftex.def)             Requested size: 237.13594pt x 102.45995pt.
)
Package atveryend Info: Empty hook `BeforeClearDocument' on input line 157.
 [12 <./images/minimum.pdf>]
Package atveryend Info: Empty hook `AfterLastShipout' on input line 157.
 (./iccvm2016.aux)
Package atveryend Info: Executing hook `AtVeryEndDocument' on input line 157.
Package atveryend Info: Executing hook `AtEndAfterFileList' on input line 157.
Package rerunfilecheck Info: File `iccvm2016.brf' has not changed.
(rerunfilecheck)             Checksum: 173CDF8240B2142708574B332C857EA0;833.


LaTeX Warning: There were undefined references.

Package atveryend Info: Empty hook `AtVeryVeryEnd' on input line 157.
 ) 
Here is how much of TeX's memory you used:
 10452 strings out of 493117
 155597 string characters out of 6135432
 266771 words of memory out of 5000000
 13572 multiletter control sequences out of 15000+600000
 43076 words of font info for 92 fonts, out of 8000000 for 9000
 1141 hyphenation exceptions out of 8191
 36i,13n,38p,886b,1835s stack positions out of 5000i,500n,10000p,200000b,80000s
{/usr/local/texlive/2014/texmf-dist/fonts/enc/dvips/base/8r.enc}</usr/local/t
exlive/2014/texmf-dist/fonts/type1/public/amsfonts/cm/cmmi10.pfb></usr/local/te
xlive/2014/texmf-dist/fonts/type1/public/amsfonts/cm/cmmi5.pfb></usr/local/texl
ive/2014/texmf-dist/fonts/type1/public/amsfonts/cm/cmmi7.pfb></usr/local/texliv
e/2014/texmf-dist/fonts/type1/public/amsfonts/cm/cmr10.pfb></usr/local/texlive/
2014/texmf-dist/fonts/type1/public/amsfonts/cm/cmr5.pfb></usr/local/texlive/201
4/texmf-dist/fonts/type1/public/amsfonts/cm/cmr6.pfb></usr/local/texlive/2014/t
exmf-dist/fonts/type1/public/amsfonts/cm/cmr7.pfb></usr/local/texlive/2014/texm
f-dist/fonts/type1/public/amsfonts/cm/cmr8.pfb></usr/local/texlive/2014/texmf-d
ist/fonts/type1/public/amsfonts/cm/cmsy10.pfb></usr/local/texlive/2014/texmf-di
st/fonts/type1/public/amsfonts/cm/cmsy5.pfb></usr/local/texlive/2014/texmf-dist
/fonts/type1/public/amsfonts/cm/cmsy7.pfb></usr/local/texlive/2014/texmf-dist/f
onts/type1/public/amsfonts/symbols/msbm10.pfb></usr/local/texlive/2014/texmf-di
st/fonts/type1/urw/courier/ucrr8a.pfb></usr/local/texlive/2014/texmf-dist/fonts
/type1/urw/courier/ucrro8a.pfb></usr/local/texlive/2014/texmf-dist/fonts/type1/
urw/helvetic/uhvb8a.pfb></usr/local/texlive/2014/texmf-dist/fonts/type1/urw/tim
es/utmb8a.pfb></usr/local/texlive/2014/texmf-dist/fonts/type1/urw/times/utmbi8a
.pfb></usr/local/texlive/2014/texmf-dist/fonts/type1/urw/times/utmr8a.pfb></usr
/local/texlive/2014/texmf-dist/fonts/type1/urw/times/utmri8a.pfb>
Output written on iccvm2016.pdf (12 pages, 8931974 bytes).
PDF statistics:
 416 PDF objects out of 1000 (max. 8388607)
 329 compressed objects within 4 object streams
 112 named destinations out of 1000 (max. 500000)
 101 words of extra memory for PDF output out of 10000 (max. 10000000)

